[0.446s] Invoking command in '/home/parallels/workspace/auto_nav_team18': DEBUGINFOD_URLS=https://debuginfod.ubuntu.com PYTHONPATH=/home/parallels/workspace/auto_nav_team18/build/auto_nav/prefix_override:/usr/lib/python3/dist-packages/colcon_core/task/python/colcon_distutils_commands:/home/parallels/workspace/auto_nav_team18/install/auto_nav/lib/python3.12/site-packages:${PYTHONPATH} /usr/bin/python3 -W ignore:setup.py install is deprecated -W ignore:easy_install command is deprecated setup.py egg_info --egg-base build/auto_nav build --build-base /home/parallels/workspace/auto_nav_team18/build/auto_nav/build install --record /home/parallels/workspace/auto_nav_team18/build/auto_nav/install.log --single-version-externally-managed install_data
[0.596s] running egg_info
[0.607s] writing build/auto_nav/auto_nav.egg-info/PKG-INFO
[0.607s] writing dependency_links to build/auto_nav/auto_nav.egg-info/dependency_links.txt
[0.607s] writing entry points to build/auto_nav/auto_nav.egg-info/entry_points.txt
[0.607s] writing requirements to build/auto_nav/auto_nav.egg-info/requires.txt
[0.607s] writing top-level names to build/auto_nav/auto_nav.egg-info/top_level.txt
[0.629s] reading manifest file 'build/auto_nav/auto_nav.egg-info/SOURCES.txt'
[0.629s] writing manifest file 'build/auto_nav/auto_nav.egg-info/SOURCES.txt'
[0.629s] running build
[0.629s] running build_py
[0.630s] running install
[0.634s] running install_lib
[0.645s] running install_data
[0.645s] copying launch/bringup.launch.py -> /home/parallels/workspace/auto_nav_team18/install/auto_nav/share/auto_nav/launch
[0.645s] copying launch/teleop.launch.py -> /home/parallels/workspace/auto_nav_team18/install/auto_nav/share/auto_nav/launch
[0.645s] creating /home/parallels/workspace/auto_nav_team18/install/auto_nav/share/auto_nav/config/gamepad
[0.646s] copying config/gamepad/ps4.yaml -> /home/parallels/workspace/auto_nav_team18/install/auto_nav/share/auto_nav/config/gamepad
[0.646s] copying config/gamepad/switch_pro.yaml -> /home/parallels/workspace/auto_nav_team18/install/auto_nav/share/auto_nav/config/gamepad
[0.646s] running install_egg_info
[0.657s] removing '/home/parallels/workspace/auto_nav_team18/install/auto_nav/lib/python3.12/site-packages/auto_nav-0.1.0-py3.12.egg-info' (and everything under it)
[0.657s] Copying build/auto_nav/auto_nav.egg-info to /home/parallels/workspace/auto_nav_team18/install/auto_nav/lib/python3.12/site-packages/auto_nav-0.1.0-py3.12.egg-info
[0.658s] running install_scripts
[0.740s] Installing cmd_gate script to /home/parallels/workspace/auto_nav_team18/install/auto_nav/lib/auto_nav
[0.740s] Installing cone_detector script to /home/parallels/workspace/auto_nav_team18/install/auto_nav/lib/auto_nav
[0.741s] Installing distance_estimator script to /home/parallels/workspace/auto_nav_team18/install/auto_nav/lib/auto_nav
[0.741s] Installing gamepad_watchdog script to /home/parallels/workspace/auto_nav_team18/install/auto_nav/lib/auto_nav
[0.741s] Installing gap_planner script to /home/parallels/workspace/auto_nav_team18/install/auto_nav/lib/auto_nav
[0.741s] Installing home_pose_recorder script to /home/parallels/workspace/auto_nav_team18/install/auto_nav/lib/auto_nav
[0.741s] Installing journey_logger script to /home/parallels/workspace/auto_nav_team18/install/auto_nav/lib/auto_nav
[0.741s] Installing joy_mapper script to /home/parallels/workspace/auto_nav_team18/install/auto_nav/lib/auto_nav
[0.741s] Installing local_planner script to /home/parallels/workspace/auto_nav_team18/install/auto_nav/lib/auto_nav
[0.742s] Installing mission_controller script to /home/parallels/workspace/auto_nav_team18/install/auto_nav/lib/auto_nav
[0.742s] Installing mode_manager script to /home/parallels/workspace/auto_nav_team18/install/auto_nav/lib/auto_nav
[0.742s] Installing object_detector script to /home/parallels/workspace/auto_nav_team18/install/auto_nav/lib/auto_nav
[0.742s] Installing obstacle_guard script to /home/parallels/workspace/auto_nav_team18/install/auto_nav/lib/auto_nav
[0.742s] Installing path_follower script to /home/parallels/workspace/auto_nav_team18/install/auto_nav/lib/auto_nav
[0.742s] Installing photo_capture script to /home/parallels/workspace/auto_nav_team18/install/auto_nav/lib/auto_nav
[0.742s] Installing summary_generator script to /home/parallels/workspace/auto_nav_team18/install/auto_nav/lib/auto_nav
[0.742s] Installing weave_planner script to /home/parallels/workspace/auto_nav_team18/install/auto_nav/lib/auto_nav
[0.742s] writing list of installed files to '/home/parallels/workspace/auto_nav_team18/build/auto_nav/install.log'
[0.762s] Invoked command in '/home/parallels/workspace/auto_nav_team18' returned '0': DEBUGINFOD_URLS=https://debuginfod.ubuntu.com PYTHONPATH=/home/parallels/workspace/auto_nav_team18/build/auto_nav/prefix_override:/usr/lib/python3/dist-packages/colcon_core/task/python/colcon_distutils_commands:/home/parallels/workspace/auto_nav_team18/install/auto_nav/lib/python3.12/site-packages:${PYTHONPATH} /usr/bin/python3 -W ignore:setup.py install is deprecated -W ignore:easy_install command is deprecated setup.py egg_info --egg-base build/auto_nav build --build-base /home/parallels/workspace/auto_nav_team18/build/auto_nav/build install --record /home/parallels/workspace/auto_nav_team18/build/auto_nav/install.log --single-version-externally-managed install_data
