[0.446s] Invoking command in '/home/parallels/workspace/auto_nav_team18': DEBUGINFOD_URLS=https://debuginfod.ubuntu.com PYTHONPATH=/home/parallels/workspace/auto_nav_team18/build/auto_nav/prefix_override:/usr/lib/python3/dist-packages/colcon_core/task/python/colcon_distutils_commands:/home/parallels/workspace/auto_nav_team18/install/auto_nav/lib/python3.12/site-packages:${PYTHONPATH} /usr/bin/python3 -W ignore:setup.py install is deprecated -W ignore:easy_install command is deprecated setup.py egg_info --egg-base build/auto_nav build --build-base /home/parallels/workspace/auto_nav_team18/build/auto_nav/build install --record /home/parallels/workspace/auto_nav_team18/build/auto_nav/install.log --single-version-externally-managed install_data
[0.592s] running egg_info
[0.603s] writing build/auto_nav/auto_nav.egg-info/PKG-INFO
[0.603s] writing dependency_links to build/auto_nav/auto_nav.egg-info/dependency_links.txt
[0.603s] writing entry points to build/auto_nav/auto_nav.egg-info/entry_points.txt
[0.603s] writing requirements to build/auto_nav/auto_nav.egg-info/requires.txt
[0.603s] writing top-level names to build/auto_nav/auto_nav.egg-info/top_level.txt
[0.623s] reading manifest file 'build/auto_nav/auto_nav.egg-info/SOURCES.txt'
[0.624s] writing manifest file 'build/auto_nav/auto_nav.egg-info/SOURCES.txt'
[0.624s] running build
[0.624s] running build_py
[0.624s] running install
[0.628s] running install_lib
[0.640s] running install_data
[0.640s] copying launch/navigation.launch.py -> /home/parallels/workspace/auto_nav_team18/install/auto_nav/share/auto_nav/launch
[0.640s] copying config/waypoints_data.yaml -> /home/parallels/workspace/auto_nav_team18/install/auto_nav/share/auto_nav/config
[0.640s] copying config/waypoints.yaml -> /home/parallels/workspace/auto_nav_team18/install/auto_nav/share/auto_nav/config
[0.640s] running install_egg_info
[0.652s] removing '/home/parallels/workspace/auto_nav_team18/install/auto_nav/lib/python3.12/site-packages/auto_nav-0.1.0-py3.12.egg-info' (and everything under it)
[0.652s] Copying build/auto_nav/auto_nav.egg-info to /home/parallels/workspace/auto_nav_team18/install/auto_nav/lib/python3.12/site-packages/auto_nav-0.1.0-py3.12.egg-info
[0.652s] running install_scripts
[0.728s] Installing cmd_gate script to /home/parallels/workspace/auto_nav_team18/install/auto_nav/lib/auto_nav
[0.728s] Installing cone_detector script to /home/parallels/workspace/auto_nav_team18/install/auto_nav/lib/auto_nav
[0.729s] Installing distance_estimator script to /home/parallels/workspace/auto_nav_team18/install/auto_nav/lib/auto_nav
[0.729s] Installing gamepad_watchdog script to /home/parallels/workspace/auto_nav_team18/install/auto_nav/lib/auto_nav
[0.729s] Installing gap_planner script to /home/parallels/workspace/auto_nav_team18/install/auto_nav/lib/auto_nav
[0.729s] Installing home_pose_recorder script to /home/parallels/workspace/auto_nav_team18/install/auto_nav/lib/auto_nav
[0.729s] Installing journey_logger script to /home/parallels/workspace/auto_nav_team18/install/auto_nav/lib/auto_nav
[0.729s] Installing joy_mapper script to /home/parallels/workspace/auto_nav_team18/install/auto_nav/lib/auto_nav
[0.729s] Installing local_planner script to /home/parallels/workspace/auto_nav_team18/install/auto_nav/lib/auto_nav
[0.729s] Installing mission_controller script to /home/parallels/workspace/auto_nav_team18/install/auto_nav/lib/auto_nav
[0.729s] Installing mode_manager script to /home/parallels/workspace/auto_nav_team18/install/auto_nav/lib/auto_nav
[0.729s] Installing object_detector script to /home/parallels/workspace/auto_nav_team18/install/auto_nav/lib/auto_nav
[0.729s] Installing obstacle_guard script to /home/parallels/workspace/auto_nav_team18/install/auto_nav/lib/auto_nav
[0.730s] Installing path_follower script to /home/parallels/workspace/auto_nav_team18/install/auto_nav/lib/auto_nav
[0.730s] Installing photo_capture script to /home/parallels/workspace/auto_nav_team18/install/auto_nav/lib/auto_nav
[0.730s] Installing summary_generator script to /home/parallels/workspace/auto_nav_team18/install/auto_nav/lib/auto_nav
[0.730s] Installing weave_planner script to /home/parallels/workspace/auto_nav_team18/install/auto_nav/lib/auto_nav
[0.730s] writing list of installed files to '/home/parallels/workspace/auto_nav_team18/build/auto_nav/install.log'
[0.746s] Invoked command in '/home/parallels/workspace/auto_nav_team18' returned '0': DEBUGINFOD_URLS=https://debuginfod.ubuntu.com PYTHONPATH=/home/parallels/workspace/auto_nav_team18/build/auto_nav/prefix_override:/usr/lib/python3/dist-packages/colcon_core/task/python/colcon_distutils_commands:/home/parallels/workspace/auto_nav_team18/install/auto_nav/lib/python3.12/site-packages:${PYTHONPATH} /usr/bin/python3 -W ignore:setup.py install is deprecated -W ignore:easy_install command is deprecated setup.py egg_info --egg-base build/auto_nav build --build-base /home/parallels/workspace/auto_nav_team18/build/auto_nav/build install --record /home/parallels/workspace/auto_nav_team18/build/auto_nav/install.log --single-version-externally-managed install_data
