/home/parallels/workspace/auto_nav_team18/install/auto_nav/lib/python3.12/site-packages/auto_nav/__init__.py
/home/parallels/workspace/auto_nav_team18/install/auto_nav/lib/python3.12/site-packages/auto_nav/teleop/gamepad_watchdog_node.py
/home/parallels/workspace/auto_nav_team18/install/auto_nav/lib/python3.12/site-packages/auto_nav/teleop/__init__.py
/home/parallels/workspace/auto_nav_team18/install/auto_nav/lib/python3.12/site-packages/auto_nav/mission/home_pose_recorder.py
/home/parallels/workspace/auto_nav_team18/install/auto_nav/lib/python3.12/site-packages/auto_nav/mission/__init__.py
/home/parallels/workspace/auto_nav_team18/install/auto_nav/lib/python3.12/site-packages/auto_nav/__pycache__/__init__.cpython-312.pyc
/home/parallels/workspace/auto_nav_team18/install/auto_nav/lib/python3.12/site-packages/auto_nav/teleop/__pycache__/gamepad_watchdog_node.cpython-312.pyc
/home/parallels/workspace/auto_nav_team18/install/auto_nav/lib/python3.12/site-packages/auto_nav/teleop/__pycache__/__init__.cpython-312.pyc
/home/parallels/workspace/auto_nav_team18/install/auto_nav/lib/python3.12/site-packages/auto_nav/mission/__pycache__/home_pose_recorder.cpython-312.pyc
/home/parallels/workspace/auto_nav_team18/install/auto_nav/lib/python3.12/site-packages/auto_nav/mission/__pycache__/__init__.cpython-312.pyc
/home/parallels/workspace/auto_nav_team18/install/auto_nav/share/ament_index/resource_index/packages/auto_nav
/home/parallels/workspace/auto_nav_team18/install/auto_nav/share/auto_nav/package.xml
/home/parallels/workspace/auto_nav_team18/install/auto_nav/share/auto_nav/launch/bringup.launch.py
/home/parallels/workspace/auto_nav_team18/install/auto_nav/share/auto_nav/launch/teleop.launch.py
/home/parallels/workspace/auto_nav_team18/install/auto_nav/share/auto_nav/config/real.yaml
/home/parallels/workspace/auto_nav_team18/install/auto_nav/share/auto_nav/config/joystick.yaml
/home/parallels/workspace/auto_nav_team18/install/auto_nav/share/auto_nav/config/robot.yaml
/home/parallels/workspace/auto_nav_team18/install/auto_nav/share/auto_nav/config/lidar.yaml
/home/parallels/workspace/auto_nav_team18/install/auto_nav/share/auto_nav/config/mission.yaml
/home/parallels/workspace/auto_nav_team18/install/auto_nav/share/auto_nav/config/camera.yaml
/home/parallels/workspace/auto_nav_team18/install/auto_nav/lib/python3.12/site-packages/auto_nav-0.1.0-py3.12.egg-info/dependency_links.txt
/home/parallels/workspace/auto_nav_team18/install/auto_nav/lib/python3.12/site-packages/auto_nav-0.1.0-py3.12.egg-info/PKG-INFO
/home/parallels/workspace/auto_nav_team18/install/auto_nav/lib/python3.12/site-packages/auto_nav-0.1.0-py3.12.egg-info/requires.txt
/home/parallels/workspace/auto_nav_team18/install/auto_nav/lib/python3.12/site-packages/auto_nav-0.1.0-py3.12.egg-info/SOURCES.txt
/home/parallels/workspace/auto_nav_team18/install/auto_nav/lib/python3.12/site-packages/auto_nav-0.1.0-py3.12.egg-info/top_level.txt
/home/parallels/workspace/auto_nav_team18/install/auto_nav/lib/python3.12/site-packages/auto_nav-0.1.0-py3.12.egg-info/zip-safe
/home/parallels/workspace/auto_nav_team18/install/auto_nav/lib/python3.12/site-packages/auto_nav-0.1.0-py3.12.egg-info/entry_points.txt
/home/parallels/workspace/auto_nav_team18/install/auto_nav/lib/auto_nav/gamepad_watchdog
/home/parallels/workspace/auto_nav_team18/install/auto_nav/lib/auto_nav/home_pose_recorder
