[0.899s] Invoking command in '/home/parallels/workspace/auto_nav_team18': DEBUGINFOD_URLS=https://debuginfod.ubuntu.com PYTHONPATH=/home/parallels/workspace/auto_nav_team18/build/auto_nav/prefix_override:/usr/lib/python3/dist-packages/colcon_core/task/python/colcon_distutils_commands:/home/parallels/workspace/auto_nav_team18/install/auto_nav/lib/python3.12/site-packages:${PYTHONPATH} /usr/bin/python3 -W ignore:setup.py install is deprecated -W ignore:easy_install command is deprecated setup.py egg_info --egg-base build/auto_nav build --build-base /home/parallels/workspace/auto_nav_team18/build/auto_nav/build install --record /home/parallels/workspace/auto_nav_team18/build/auto_nav/install.log --single-version-externally-managed install_data
[1.128s] running egg_info
[1.146s] writing build/auto_nav/auto_nav.egg-info/PKG-INFO
[1.146s] writing dependency_links to build/auto_nav/auto_nav.egg-info/dependency_links.txt
[1.146s] writing entry points to build/auto_nav/auto_nav.egg-info/entry_points.txt
[1.147s] writing requirements to build/auto_nav/auto_nav.egg-info/requires.txt
[1.147s] writing top-level names to build/auto_nav/auto_nav.egg-info/top_level.txt
[1.179s] reading manifest file 'build/auto_nav/auto_nav.egg-info/SOURCES.txt'
[1.182s] writing manifest file 'build/auto_nav/auto_nav.egg-info/SOURCES.txt'
[1.182s] running build
[1.186s] running build_py
[1.186s] running install
[1.191s] running install_lib
[1.207s] running install_data
[1.207s] copying auto_nav/simulation/sim_bringup/sim_bringup.launch.py -> /home/parallels/workspace/auto_nav_team18/install/auto_nav/share/auto_nav/simulation/sim_bringup
[1.208s] copying auto_nav/simulation/sim_worlds/pioneer3at_slalom.world -> /home/parallels/workspace/auto_nav_team18/install/auto_nav/share/auto_nav/simulation/sim_worlds
[1.208s] running install_egg_info
[1.223s] removing '/home/parallels/workspace/auto_nav_team18/install/auto_nav/lib/python3.12/site-packages/auto_nav-0.1.0-py3.12.egg-info' (and everything under it)
[1.223s] Copying build/auto_nav/auto_nav.egg-info to /home/parallels/workspace/auto_nav_team18/install/auto_nav/lib/python3.12/site-packages/auto_nav-0.1.0-py3.12.egg-info
[1.224s] running install_scripts
[1.354s] Installing cmd_gate script to /home/parallels/workspace/auto_nav_team18/install/auto_nav/lib/auto_nav
[1.354s] Installing cone_detector script to /home/parallels/workspace/auto_nav_team18/install/auto_nav/lib/auto_nav
[1.354s] Installing distance_estimator script to /home/parallels/workspace/auto_nav_team18/install/auto_nav/lib/auto_nav
[1.354s] Installing gamepad_watchdog script to /home/parallels/workspace/auto_nav_team18/install/auto_nav/lib/auto_nav
[1.355s] Installing gap_planner script to /home/parallels/workspace/auto_nav_team18/install/auto_nav/lib/auto_nav
[1.355s] Installing home_pose_recorder script to /home/parallels/workspace/auto_nav_team18/install/auto_nav/lib/auto_nav
[1.355s] Installing journey_logger script to /home/parallels/workspace/auto_nav_team18/install/auto_nav/lib/auto_nav
[1.355s] Installing joy_mapper script to /home/parallels/workspace/auto_nav_team18/install/auto_nav/lib/auto_nav
[1.356s] Installing local_planner script to /home/parallels/workspace/auto_nav_team18/install/auto_nav/lib/auto_nav
[1.357s] Installing mission_controller script to /home/parallels/workspace/auto_nav_team18/install/auto_nav/lib/auto_nav
[1.357s] Installing mode_manager script to /home/parallels/workspace/auto_nav_team18/install/auto_nav/lib/auto_nav
[1.357s] Installing object_detector script to /home/parallels/workspace/auto_nav_team18/install/auto_nav/lib/auto_nav
[1.357s] Installing obstacle_guard script to /home/parallels/workspace/auto_nav_team18/install/auto_nav/lib/auto_nav
[1.357s] Installing path_follower script to /home/parallels/workspace/auto_nav_team18/install/auto_nav/lib/auto_nav
[1.357s] Installing photo_capture script to /home/parallels/workspace/auto_nav_team18/install/auto_nav/lib/auto_nav
[1.357s] Installing sim_init script to /home/parallels/workspace/auto_nav_team18/install/auto_nav/lib/auto_nav
[1.357s] Installing summary_generator script to /home/parallels/workspace/auto_nav_team18/install/auto_nav/lib/auto_nav
[1.357s] Installing weave_planner script to /home/parallels/workspace/auto_nav_team18/install/auto_nav/lib/auto_nav
[1.357s] writing list of installed files to '/home/parallels/workspace/auto_nav_team18/build/auto_nav/install.log'
[1.384s] Invoked command in '/home/parallels/workspace/auto_nav_team18' returned '0': DEBUGINFOD_URLS=https://debuginfod.ubuntu.com PYTHONPATH=/home/parallels/workspace/auto_nav_team18/build/auto_nav/prefix_override:/usr/lib/python3/dist-packages/colcon_core/task/python/colcon_distutils_commands:/home/parallels/workspace/auto_nav_team18/install/auto_nav/lib/python3.12/site-packages:${PYTHONPATH} /usr/bin/python3 -W ignore:setup.py install is deprecated -W ignore:easy_install command is deprecated setup.py egg_info --egg-base build/auto_nav build --build-base /home/parallels/workspace/auto_nav_team18/build/auto_nav/build install --record /home/parallels/workspace/auto_nav_team18/build/auto_nav/install.log --single-version-externally-managed install_data
