[0.000000] (-) TimerEvent: {}
[0.000046] (auto_nav) JobQueued: {'identifier': 'auto_nav', 'dependencies': OrderedDict()}
[0.003952] (auto_nav) JobStarted: {'identifier': 'auto_nav'}
[0.100087] (-) TimerEvent: {}
[0.200254] (-) TimerEvent: {}
[0.300392] (-) TimerEvent: {}
[0.402561] (-) TimerEvent: {}
[0.504446] (-) TimerEvent: {}
[0.604755] (-) TimerEvent: {}
[0.704979] (-) TimerEvent: {}
[0.805317] (-) TimerEvent: {}
[0.901763] (auto_nav) Command: {'cmd': ['/usr/bin/python3', '-W', 'ignore:setup.py install is deprecated', '-W', 'ignore:easy_install command is deprecated', 'setup.py', 'egg_info', '--egg-base', 'build/auto_nav', 'build', '--build-base', '/home/parallels/workspace/auto_nav_team18/build/auto_nav/build', 'install', '--record', '/home/parallels/workspace/auto_nav_team18/build/auto_nav/install.log', '--single-version-externally-managed', 'install_data'], 'cwd': '/home/parallels/workspace/auto_nav_team18', 'env': {'LESSOPEN': '| /usr/bin/lesspipe %s', 'VSCODE_CWD': '/home/parallels', 'VSCODE_ESM_ENTRYPOINT': 'vs/workbench/api/node/extensionHostProcess', 'GZ_SIM_RESOURCE_PATH': '/opt/ros/jazzy/share', 'USER': 'parallels', 'SSH_CLIENT': '10.211.55.2 60026 22', 'VSCODE_NLS_CONFIG': '{"userLocale":"en","osLocale":"en","resolvedLanguage":"en","defaultMessagesFile":"/home/parallels/.cursor-server/bin/linux-arm64/3a67af7b780e0bfc8d32aefa96b8ff1cb8817f80/out/nls.messages.json","locale":"en","availableLanguages":{}}', 'GZ_CONFIG_PATH': '/opt/ros/jazzy/opt/gz_sim_vendor/share/gz:/opt/ros/jazzy/opt/sdformat_vendor/share/gz:/opt/ros/jazzy/opt/gz_gui_vendor/share/gz:/opt/ros/jazzy/opt/gz_transport_vendor/share/gz:/opt/ros/jazzy/opt/gz_rendering_vendor/share/gz:/opt/ros/jazzy/opt/gz_plugin_vendor/share/gz:/opt/ros/jazzy/opt/gz_fuel_tools_vendor/share/gz:/opt/ros/jazzy/opt/gz_msgs_vendor/share/gz:/opt/ros/jazzy/opt/gz_common_vendor/share/gz', 'VSCODE_HANDLES_UNCAUGHT_ERRORS': 'true', 'XDG_SESSION_TYPE': 'tty', 'SHLVL': '1', 'LD_LIBRARY_PATH': '/home/parallels/workspace/auto_nav_pioneer_ws/install/auto_nav_pioneer_interfaces/lib:/opt/ros/jazzy/opt/gz_sim_vendor/lib:/opt/ros/jazzy/opt/gz_sensors_vendor/lib:/opt/ros/jazzy/opt/gz_physics_vendor/lib:/opt/ros/jazzy/opt/sdformat_vendor/lib:/opt/ros/jazzy/opt/rviz_ogre_vendor/lib:/opt/ros/jazzy/lib/aarch64-linux-gnu:/opt/ros/jazzy/opt/gz_gui_vendor/lib:/opt/ros/jazzy/opt/gz_transport_vendor/lib:/opt/ros/jazzy/opt/gz_rendering_vendor/lib:/opt/ros/jazzy/opt/gz_plugin_vendor/lib:/opt/ros/jazzy/opt/gz_fuel_tools_vendor/lib:/opt/ros/jazzy/opt/gz_msgs_vendor/lib:/opt/ros/jazzy/opt/gz_common_vendor/lib:/opt/ros/jazzy/opt/gz_math_vendor/lib:/opt/ros/jazzy/opt/gz_utils_vendor/lib:/opt/ros/jazzy/opt/gz_tools_vendor/lib:/opt/ros/jazzy/opt/gz_ogre_next_vendor/lib:/opt/ros/jazzy/opt/gz_dartsim_vendor/lib:/opt/ros/jazzy/opt/gz_cmake_vendor/lib:/opt/ros/jazzy/lib', 'BROWSER': '/home/parallels/.cursor-server/bin/linux-arm64/3a67af7b780e0bfc8d32aefa96b8ff1cb8817f80/bin/helpers/browser.sh', 'HOME': '/home/parallels', 'OLDPWD': '/home/parallels/workspace/auto_nav_team18', 'VSCODE_IPC_HOOK_CLI': '/run/user/1000/vscode-ipc-50b78384-37c1-4a87-9c75-6b90009952f1.sock', 'ROS_PYTHON_VERSION': '3', 'NO_COLOR': '1', 'DBUS_SESSION_BUS_ADDRESS': 'unix:path=/run/user/1000/bus', 'DEBUGINFOD_URLS': 'https://debuginfod.ubuntu.com', 'VSCODE_L10N_BUNDLE_LOCATION': '', 'COLCON_PREFIX_PATH': '/home/parallels/workspace/auto_nav_team18/install:/home/parallels/workspace/auto_nav_pioneer_ws/install:/home/parallels/auto4508/dev_pioneer_part_2/install', 'ROS_DISTRO': 'jazzy', 'OVSX_REGISTRY_URL': 'https://open-vsx.org', 'LOGNAME': 'parallels', 'FORCE_COLOR': '0', 'VSCODE_HANDLES_SIGPIPE': 'true', '_': '/usr/bin/colcon', 'ROS_VERSION': '2', 'CURSOR_LAYOUT': 'unifiedAgent', 'XDG_SESSION_CLASS': 'user', 'TERM': 'dumb', 'XDG_SESSION_ID': '30', 'PATH': '/home/parallels/.cursor-server/bin/linux-arm64/3a67af7b780e0bfc8d32aefa96b8ff1cb8817f80:/home/parallels/.cursor-server/bin/linux-arm64/3a67af7b780e0bfc8d32aefa96b8ff1cb8817f80/bin/remote-cli:/opt/ros/jazzy/opt/gz_msgs_vendor/bin:/opt/ros/jazzy/opt/gz_tools_vendor/bin:/opt/ros/jazzy/opt/gz_ogre_next_vendor/bin:/opt/ros/jazzy/bin:/home/parallels/.cursor-server/bin/linux-arm64/3a67af7b780e0bfc8d32aefa96b8ff1cb8817f80/bin/remote-cli:/usr/local/sbin:/usr/local/bin:/usr/sbin:/usr/bin:/sbin:/bin:/usr/games:/usr/local/games:/snap/bin', 'VSCODE_AGENT_FOLDER': '/home/parallels/.cursor-server', 'XDG_RUNTIME_DIR': '/run/user/1000', 'CURSOR_AGENT': '1', 'LANG': 'en_US.UTF-8', 'LS_COLORS': '', 'AMENT_PREFIX_PATH': '/home/parallels/workspace/auto_nav_pioneer_ws/install/auto_nav_pioneer_pkg:/home/parallels/workspace/auto_nav_pioneer_ws/install/auto_nav_pioneer_interfaces:/home/parallels/workspace/auto_nav_team18/install/auto_nav:/home/parallels/auto4508/dev_pioneer_part_2/install/pioneer_part2:/opt/ros/jazzy', 'SHELL': '/bin/bash', 'VSCODE_SERVER_SHUTDOWN_TIMEOUT': '300', 'LESSCLOSE': '/usr/bin/lesspipe %s %s', 'ROS_AUTOMATIC_DISCOVERY_RANGE': 'SUBNET', 'PWD': '/home/parallels/workspace/auto_nav_team18/build/auto_nav', 'SSH_CONNECTION': '10.211.55.2 60026 10.211.55.7 22', 'XDG_DATA_DIRS': '/usr/share/gnome:/usr/local/share:/usr/share:/var/lib/snapd/desktop', 'PYTHONPATH': '/home/parallels/workspace/auto_nav_team18/build/auto_nav/prefix_override:/usr/lib/python3/dist-packages/colcon_core/task/python/colcon_distutils_commands:/home/parallels/workspace/auto_nav_team18/install/auto_nav/lib/python3.12/site-packages:/home/parallels/workspace/auto_nav_pioneer_ws/build/auto_nav_pioneer_pkg:/home/parallels/workspace/auto_nav_pioneer_ws/install/auto_nav_pioneer_pkg/lib/python3.12/site-packages:/home/parallels/workspace/auto_nav_pioneer_ws/install/auto_nav_pioneer_interfaces/lib/python3.12/site-packages:/home/parallels/workspace/auto_nav_team18/install/auto_nav/lib/python3.12/site-packages:/home/parallels/auto4508/dev_pioneer_part_2/build/pioneer_part2:/home/parallels/auto4508/dev_pioneer_part_2/install/pioneer_part2/lib/python3.12/site-packages:/opt/ros/jazzy/lib/python3.12/site-packages', 'COLCON': '1', '_ZO_DOCTOR': '0', 'CMAKE_PREFIX_PATH': '/home/parallels/workspace/auto_nav_pioneer_ws/install/auto_nav_pioneer_interfaces:/opt/ros/jazzy/opt/gz_sim_vendor:/opt/ros/jazzy/opt/gz_sensors_vendor:/opt/ros/jazzy/opt/gz_physics_vendor:/opt/ros/jazzy/opt/sdformat_vendor:/opt/ros/jazzy/opt/gz_gui_vendor:/opt/ros/jazzy/opt/gz_transport_vendor:/opt/ros/jazzy/opt/gz_rendering_vendor:/opt/ros/jazzy/opt/gz_plugin_vendor:/opt/ros/jazzy/opt/gz_fuel_tools_vendor:/opt/ros/jazzy/opt/gz_msgs_vendor:/opt/ros/jazzy/opt/gz_common_vendor:/opt/ros/jazzy/opt/gz_math_vendor:/opt/ros/jazzy/opt/gz_utils_vendor:/opt/ros/jazzy/opt/gz_tools_vendor:/opt/ros/jazzy/opt/gz_ogre_next_vendor:/opt/ros/jazzy/opt/gz_dartsim_vendor:/opt/ros/jazzy/opt/gz_cmake_vendor'}, 'shell': False}
[0.906676] (-) TimerEvent: {}
[1.006828] (-) TimerEvent: {}
[1.106979] (-) TimerEvent: {}
[1.131973] (auto_nav) StdoutLine: {'line': b'running egg_info\n'}
[1.149526] (auto_nav) StdoutLine: {'line': b'writing build/auto_nav/auto_nav.egg-info/PKG-INFO\n'}
[1.149984] (auto_nav) StdoutLine: {'line': b'writing dependency_links to build/auto_nav/auto_nav.egg-info/dependency_links.txt\n'}
[1.150310] (auto_nav) StdoutLine: {'line': b'writing entry points to build/auto_nav/auto_nav.egg-info/entry_points.txt\n'}
[1.150536] (auto_nav) StdoutLine: {'line': b'writing requirements to build/auto_nav/auto_nav.egg-info/requires.txt\n'}
[1.150681] (auto_nav) StdoutLine: {'line': b'writing top-level names to build/auto_nav/auto_nav.egg-info/top_level.txt\n'}
[1.183300] (auto_nav) StdoutLine: {'line': b"reading manifest file 'build/auto_nav/auto_nav.egg-info/SOURCES.txt'\n"}
[1.185732] (auto_nav) StdoutLine: {'line': b"writing manifest file 'build/auto_nav/auto_nav.egg-info/SOURCES.txt'\n"}
[1.186087] (auto_nav) StdoutLine: {'line': b'running build\n'}
[1.189811] (auto_nav) StdoutLine: {'line': b'running build_py\n'}
[1.189945] (auto_nav) StdoutLine: {'line': b'running install\n'}
[1.195170] (auto_nav) StdoutLine: {'line': b'running install_lib\n'}
[1.207071] (-) TimerEvent: {}
[1.210463] (auto_nav) StdoutLine: {'line': b'running install_data\n'}
[1.211162] (auto_nav) StdoutLine: {'line': b'copying auto_nav/simulation/sim_bringup/sim_bringup.launch.py -> /home/parallels/workspace/auto_nav_team18/install/auto_nav/share/auto_nav/simulation/sim_bringup\n'}
[1.211557] (auto_nav) StdoutLine: {'line': b'copying auto_nav/simulation/sim_worlds/pioneer3at_slalom.world -> /home/parallels/workspace/auto_nav_team18/install/auto_nav/share/auto_nav/simulation/sim_worlds\n'}
[1.212007] (auto_nav) StdoutLine: {'line': b'running install_egg_info\n'}
[1.226489] (auto_nav) StdoutLine: {'line': b"removing '/home/parallels/workspace/auto_nav_team18/install/auto_nav/lib/python3.12/site-packages/auto_nav-0.1.0-py3.12.egg-info' (and everything under it)\n"}
[1.226926] (auto_nav) StdoutLine: {'line': b'Copying build/auto_nav/auto_nav.egg-info to /home/parallels/workspace/auto_nav_team18/install/auto_nav/lib/python3.12/site-packages/auto_nav-0.1.0-py3.12.egg-info\n'}
[1.228051] (auto_nav) StdoutLine: {'line': b'running install_scripts\n'}
[1.307155] (-) TimerEvent: {}
[1.357513] (auto_nav) StdoutLine: {'line': b'Installing cmd_gate script to /home/parallels/workspace/auto_nav_team18/install/auto_nav/lib/auto_nav\n'}
[1.357932] (auto_nav) StdoutLine: {'line': b'Installing cone_detector script to /home/parallels/workspace/auto_nav_team18/install/auto_nav/lib/auto_nav\n'}
[1.358135] (auto_nav) StdoutLine: {'line': b'Installing distance_estimator script to /home/parallels/workspace/auto_nav_team18/install/auto_nav/lib/auto_nav\n'}
[1.358294] (auto_nav) StdoutLine: {'line': b'Installing gamepad_watchdog script to /home/parallels/workspace/auto_nav_team18/install/auto_nav/lib/auto_nav\n'}
[1.358564] (auto_nav) StdoutLine: {'line': b'Installing gap_planner script to /home/parallels/workspace/auto_nav_team18/install/auto_nav/lib/auto_nav\n'}
[1.358766] (auto_nav) StdoutLine: {'line': b'Installing home_pose_recorder script to /home/parallels/workspace/auto_nav_team18/install/auto_nav/lib/auto_nav\n'}
[1.358932] (auto_nav) StdoutLine: {'line': b'Installing journey_logger script to /home/parallels/workspace/auto_nav_team18/install/auto_nav/lib/auto_nav\n'}
[1.359092] (auto_nav) StdoutLine: {'line': b'Installing joy_mapper script to /home/parallels/workspace/auto_nav_team18/install/auto_nav/lib/auto_nav\n'}
[1.359503] (auto_nav) StdoutLine: {'line': b'Installing local_planner script to /home/parallels/workspace/auto_nav_team18/install/auto_nav/lib/auto_nav\n'}
[1.360796] (auto_nav) StdoutLine: {'line': b'Installing mission_controller script to /home/parallels/workspace/auto_nav_team18/install/auto_nav/lib/auto_nav\n'}
[1.360942] (auto_nav) StdoutLine: {'line': b'Installing mode_manager script to /home/parallels/workspace/auto_nav_team18/install/auto_nav/lib/auto_nav\n'}
[1.360980] (auto_nav) StdoutLine: {'line': b'Installing object_detector script to /home/parallels/workspace/auto_nav_team18/install/auto_nav/lib/auto_nav\n'}
[1.361011] (auto_nav) StdoutLine: {'line': b'Installing obstacle_guard script to /home/parallels/workspace/auto_nav_team18/install/auto_nav/lib/auto_nav\n'}
[1.361040] (auto_nav) StdoutLine: {'line': b'Installing path_follower script to /home/parallels/workspace/auto_nav_team18/install/auto_nav/lib/auto_nav\n'}
[1.361069] (auto_nav) StdoutLine: {'line': b'Installing photo_capture script to /home/parallels/workspace/auto_nav_team18/install/auto_nav/lib/auto_nav\n'}
[1.361097] (auto_nav) StdoutLine: {'line': b'Installing sim_init script to /home/parallels/workspace/auto_nav_team18/install/auto_nav/lib/auto_nav\n'}
[1.361126] (auto_nav) StdoutLine: {'line': b'Installing summary_generator script to /home/parallels/workspace/auto_nav_team18/install/auto_nav/lib/auto_nav\n'}
[1.361171] (auto_nav) StdoutLine: {'line': b'Installing weave_planner script to /home/parallels/workspace/auto_nav_team18/install/auto_nav/lib/auto_nav\n'}
[1.361230] (auto_nav) StdoutLine: {'line': b"writing list of installed files to '/home/parallels/workspace/auto_nav_team18/build/auto_nav/install.log'\n"}
[1.387542] (auto_nav) CommandEnded: {'returncode': 0}
[1.397948] (auto_nav) JobEnded: {'identifier': 'auto_nav', 'rc': 0}
[1.398469] (-) EventReactorShutdown: {}
